[+2467 ms] Unable to locate an Android SDK.
[  +25 ms] Artifact Instance of 'MaterialFonts' is not required, skipping update.
[        ] Artifact Instance of 'GradleWrapper' is not required, skipping update.
[        ] Artifact Instance of 'AndroidGenSnapshotArtifacts' is not required, skipping update.
[        ] Artifact Instance of 'AndroidInternalBuildArtifacts' is not required, skipping update.
[        ] Artifact Instance of 'IOSEngineArtifacts' is not required, skipping update.
[        ] Artifact Instance of 'FlutterWebSdk' is not required, skipping update.
[   +1 ms] Artifact Instance of 'LegacyCanvasKitRemover' is not required, skipping update.
[        ] Artifact Instance of 'FlutterSdk' is not required, skipping update.
[        ] Artifact Instance of 'WindowsEngineArtifacts' is not required, skipping update.
[        ] Artifact Instance of 'MacOSEngineArtifacts' is not required, skipping update.
[        ] Artifact Instance of 'LinuxEngineArtifacts' is not required, skipping update.
[        ] Artifact Instance of 'LinuxFuchsiaSDKArtifacts' is not required, skipping update.
[        ] Artifact Instance of 'MacOSFuchsiaSDKArtifacts' is not required, skipping update.
[        ] Artifact Instance of 'FlutterRunnerSDKArtifacts' is not required, skipping update.
[        ] Artifact Instance of 'FlutterRunnerDebugSymbols' is not required, skipping update.
[        ] Artifact Instance of 'IosUsbArtifacts' is not required, skipping update.
[        ] Artifact Instance of 'IosUsbArtifacts' is not required, skipping update.
[        ] Artifact Instance of 'IosUsbArtifacts' is not required, skipping update.
[        ] Artifact Instance of 'IosUsbArtifacts' is not required, skipping update.
[        ] Artifact Instance of 'IosUsbArtifacts' is not required, skipping update.
[        ] Artifact Instance of 'IosUsbArtifacts' is not required, skipping update.
[        ] Artifact Instance of 'FontSubsetArtifacts' is not required, skipping update.
[        ] Artifact Instance of 'PubDependencies' is not required, skipping update.
[   +5 ms] executing: [C:\flutter/] git -c log.showSignature=false log HEAD -n 1 --pretty=format:%ad --date=iso
[ +160 ms] Exit code 0 from: git -c log.showSignature=false log HEAD -n 1 --pretty=format:%ad --date=iso
[        ] 2025-12-03 14:56:10 -0800
[  +64 ms] Artifact Instance of 'AndroidGenSnapshotArtifacts' is not required, skipping update.
[        ] Artifact Instance of 'AndroidInternalBuildArtifacts' is not required, skipping update.
[        ] Artifact Instance of 'IOSEngineArtifacts' is not required, skipping update.
[        ] Artifact Instance of 'FlutterWebSdk' is not required, skipping update.
[        ] Artifact Instance of 'FlutterEngineStamp' is not required, skipping update.
[        ] Artifact Instance of 'LegacyCanvasKitRemover' is not required, skipping update.
[  +10 ms] Artifact Instance of 'WindowsEngineArtifacts' is not required, skipping update.
[        ] Artifact Instance of 'MacOSEngineArtifacts' is not required, skipping update.
[        ] Artifact Instance of 'LinuxEngineArtifacts' is not required, skipping update.
[        ] Artifact Instance of 'LinuxFuchsiaSDKArtifacts' is not required, skipping update.
[        ] Artifact Instance of 'MacOSFuchsiaSDKArtifacts' is not required, skipping update.
[        ] Artifact Instance of 'FlutterRunnerSDKArtifacts' is not required, skipping update.
[        ] Artifact Instance of 'FlutterRunnerDebugSymbols' is not required, skipping update.
[ +270 ms] Artifact Instance of 'AndroidGenSnapshotArtifacts' is not required, skipping update.
[        ] Artifact Instance of 'AndroidInternalBuildArtifacts' is not required, skipping update.
[        ] Artifact Instance of 'IOSEngineArtifacts' is not required, skipping update.
[        ] Artifact Instance of 'FlutterWebSdk' is not required, skipping update.
[        ] Artifact Instance of 'FlutterEngineStamp' is not required, skipping update.
[        ] Artifact Instance of 'LegacyCanvasKitRemover' is not required, skipping update.
[  +13 ms] Artifact Instance of 'MacOSEngineArtifacts' is not required, skipping update.
[        ] Artifact Instance of 'LinuxEngineArtifacts' is not required, skipping update.
[        ] Artifact Instance of 'LinuxFuchsiaSDKArtifacts' is not required, skipping update.
[        ] Artifact Instance of 'MacOSFuchsiaSDKArtifacts' is not required, skipping update.
[        ] Artifact Instance of 'FlutterRunnerSDKArtifacts' is not required, skipping update.
[        ] Artifact Instance of 'FlutterRunnerDebugSymbols' is not required, skipping update.
[ +184 ms] Skipping pub get: version match.
[ +293 ms] Found plugin permission_handler at C:\Users\niyaa\AppData\Local\Pub\Cache\hosted\pub.dev\permission_handler-11.4.0\
[  +16 ms] Found plugin permission_handler_windows at C:\Users\niyaa\AppData\Local\Pub\Cache\hosted\pub.dev\permission_handler_windows-0.2.1\
[  +35 ms] Found plugin permission_handler_html at C:\Users\niyaa\AppData\Local\Pub\Cache\hosted\pub.dev\permission_handler_html-0.1.3+5\
[  +25 ms] Found plugin permission_handler_apple at C:\Users\niyaa\AppData\Local\Pub\Cache\hosted\pub.dev\permission_handler_apple-9.4.7\
[  +24 ms] Found plugin permission_handler_android at C:\Users\niyaa\AppData\Local\Pub\Cache\hosted\pub.dev\permission_handler_android-12.1.0\
[  +38 ms] Found plugin path_provider at C:\Users\niyaa\AppData\Local\Pub\Cache\hosted\pub.dev\path_provider-2.1.5\
[  +12 ms] Found plugin path_provider_windows at C:\Users\niyaa\AppData\Local\Pub\Cache\hosted\pub.dev\path_provider_windows-2.3.0\
[  +35 ms] Found plugin path_provider_linux at C:\Users\niyaa\AppData\Local\Pub\Cache\hosted\pub.dev\path_provider_linux-2.2.1\
[  +17 ms] Found plugin path_provider_foundation at C:\Users\niyaa\AppData\Local\Pub\Cache\hosted\pub.dev\path_provider_foundation-2.5.1\
[  +12 ms] Found plugin path_provider_android at C:\Users\niyaa\AppData\Local\Pub\Cache\hosted\pub.dev\path_provider_android-2.2.22\
[  +52 ms] Found plugin flutter_blue_plus at C:\Users\niyaa\AppData\Local\Pub\Cache\hosted\pub.dev\flutter_blue_plus-1.36.8\
[  +23 ms] Found plugin flutter_blue_plus_web at C:\Users\niyaa\AppData\Local\Pub\Cache\hosted\pub.dev\flutter_blue_plus_web-7.0.2\
[ +364 ms] Found plugin flutter_blue_plus_linux at C:\Users\niyaa\AppData\Local\Pub\Cache\hosted\pub.dev\flutter_blue_plus_linux-7.0.3\
[  +43 ms] Found plugin flutter_blue_plus_darwin at C:\Users\niyaa\AppData\Local\Pub\Cache\hosted\pub.dev\flutter_blue_plus_darwin-7.0.3\
[   +5 ms] Found plugin flutter_blue_plus_android at C:\Users\niyaa\AppData\Local\Pub\Cache\hosted\pub.dev\flutter_blue_plus_android-7.0.4\
[ +257 ms] Found plugin permission_handler at C:\Users\niyaa\AppData\Local\Pub\Cache\hosted\pub.dev\permission_handler-11.4.0\
[   +3 ms] Found plugin permission_handler_windows at C:\Users\niyaa\AppData\Local\Pub\Cache\hosted\pub.dev\permission_handler_windows-0.2.1\
[  +11 ms] Found plugin permission_handler_html at C:\Users\niyaa\AppData\Local\Pub\Cache\hosted\pub.dev\permission_handler_html-0.1.3+5\
[   +8 ms] Found plugin permission_handler_apple at C:\Users\niyaa\AppData\Local\Pub\Cache\hosted\pub.dev\permission_handler_apple-9.4.7\
[   +6 ms] Found plugin permission_handler_android at C:\Users\niyaa\AppData\Local\Pub\Cache\hosted\pub.dev\permission_handler_android-12.1.0\
[  +24 ms] Found plugin path_provider at C:\Users\niyaa\AppData\Local\Pub\Cache\hosted\pub.dev\path_provider-2.1.5\
[  +10 ms] Found plugin path_provider_windows at C:\Users\niyaa\AppData\Local\Pub\Cache\hosted\pub.dev\path_provider_windows-2.3.0\
[  +35 ms] Found plugin path_provider_linux at C:\Users\niyaa\AppData\Local\Pub\Cache\hosted\pub.dev\path_provider_linux-2.2.1\
[   +8 ms] Found plugin path_provider_foundation at C:\Users\niyaa\AppData\Local\Pub\Cache\hosted\pub.dev\path_provider_foundation-2.5.1\
[   +8 ms] Found plugin path_provider_android at C:\Users\niyaa\AppData\Local\Pub\Cache\hosted\pub.dev\path_provider_android-2.2.22\
[  +38 ms] Found plugin flutter_blue_plus at C:\Users\niyaa\AppData\Local\Pub\Cache\hosted\pub.dev\flutter_blue_plus-1.36.8\
[   +3 ms] Found plugin flutter_blue_plus_web at C:\Users\niyaa\AppData\Local\Pub\Cache\hosted\pub.dev\flutter_blue_plus_web-7.0.2\
[  +14 ms] Found plugin flutter_blue_plus_linux at C:\Users\niyaa\AppData\Local\Pub\Cache\hosted\pub.dev\flutter_blue_plus_linux-7.0.3\
[  +34 ms] Found plugin flutter_blue_plus_darwin at C:\Users\niyaa\AppData\Local\Pub\Cache\hosted\pub.dev\flutter_blue_plus_darwin-7.0.3\
[   +8 ms] Found plugin flutter_blue_plus_android at C:\Users\niyaa\AppData\Local\Pub\Cache\hosted\pub.dev\flutter_blue_plus_android-7.0.4\
[  +60 ms] Skipping generating web_plugin_registrant.dart because it is up-to-date.
[ +148 ms] Found plugin permission_handler at C:\Users\niyaa\AppData\Local\Pub\Cache\hosted\pub.dev\permission_handler-11.4.0\
[   +9 ms] Found plugin permission_handler_windows at C:\Users\niyaa\AppData\Local\Pub\Cache\hosted\pub.dev\permission_handler_windows-0.2.1\
[   +7 ms] Found plugin permission_handler_html at C:\Users\niyaa\AppData\Local\Pub\Cache\hosted\pub.dev\permission_handler_html-0.1.3+5\
[  +14 ms] Found plugin permission_handler_apple at C:\Users\niyaa\AppData\Local\Pub\Cache\hosted\pub.dev\permission_handler_apple-9.4.7\
[   +2 ms] Found plugin permission_handler_android at C:\Users\niyaa\AppData\Local\Pub\Cache\hosted\pub.dev\permission_handler_android-12.1.0\
[  +17 ms] Found plugin path_provider at C:\Users\niyaa\AppData\Local\Pub\Cache\hosted\pub.dev\path_provider-2.1.5\
[  +16 ms] Found plugin path_provider_windows at C:\Users\niyaa\AppData\Local\Pub\Cache\hosted\pub.dev\path_provider_windows-2.3.0\
[  +28 ms] Found plugin path_provider_linux at C:\Users\niyaa\AppData\Local\Pub\Cache\hosted\pub.dev\path_provider_linux-2.2.1\
[  +11 ms] Found plugin path_provider_foundation at C:\Users\niyaa\AppData\Local\Pub\Cache\hosted\pub.dev\path_provider_foundation-2.5.1\
[   +5 ms] Found plugin path_provider_android at C:\Users\niyaa\AppData\Local\Pub\Cache\hosted\pub.dev\path_provider_android-2.2.22\
[ +114 ms] Found plugin flutter_blue_plus at C:\Users\niyaa\AppData\Local\Pub\Cache\hosted\pub.dev\flutter_blue_plus-1.36.8\
[   +1 ms] Found plugin flutter_blue_plus_web at C:\Users\niyaa\AppData\Local\Pub\Cache\hosted\pub.dev\flutter_blue_plus_web-7.0.2\
[   +1 ms] Found plugin flutter_blue_plus_linux at C:\Users\niyaa\AppData\Local\Pub\Cache\hosted\pub.dev\flutter_blue_plus_linux-7.0.3\
[  +10 ms] Found plugin flutter_blue_plus_darwin at C:\Users\niyaa\AppData\Local\Pub\Cache\hosted\pub.dev\flutter_blue_plus_darwin-7.0.3\
[   +4 ms] Found plugin flutter_blue_plus_android at C:\Users\niyaa\AppData\Local\Pub\Cache\hosted\pub.dev\flutter_blue_plus_android-7.0.4\
[  +63 ms] Generating C:\Users\niyaa\OneDrive\Desktop\niabrm\Projects\MecLabs\PULSO\android\app\src\main\java\io\flutter\plugins\GeneratedPluginRegistrant.java
[   +9 ms] Skipping generating GeneratedPluginRegistrant.java because it is up-to-date.
[  +15 ms] Skipping generating generated_plugin_registrant.h because it is up-to-date.
[   +4 ms] Skipping generating generated_plugin_registrant.cc because it is up-to-date.
[  +12 ms] Skipping generating generated_plugins.cmake because it is up-to-date.
[  +12 ms] Skipping generating generated_plugin_registrant.h because it is up-to-date.
[  +10 ms] Skipping generating generated_plugin_registrant.cc because it is up-to-date.
[   +4 ms] Skipping generating generated_plugins.cmake because it is up-to-date.
[  +14 ms] Skipping generating GeneratedPluginRegistrant.h because it is up-to-date.
[   +7 ms] Skipping generating GeneratedPluginRegistrant.m because it is up-to-date.
[  +11 ms] Skipping generating GeneratedPluginRegistrant.swift because it is up-to-date.
[ +527 ms] Initializing file store
[  +42 ms] Skipping target: gen_localizations
[  +46 ms] gen_dart_plugin_registrant: Starting due to {InvalidatedReasonKind.inputChanged: The following inputs have updated contents: C:\Users\niyaa\OneDrive\Desktop\niabrm\Projects\MecLabs\PULSO\.dart_tool\package_config.json,C:\Users\niyaa\OneDrive\Desktop\niabrm\Projects\MecLabs\PULSO\.dart_tool\flutter_build\dart_plugin_registrant.dart}
[ +316 ms] Found plugin permission_handler at C:\Users\niyaa\AppData\Local\Pub\Cache\hosted\pub.dev\permission_handler-11.4.0\
[  +10 ms] Found plugin permission_handler_windows at C:\Users\niyaa\AppData\Local\Pub\Cache\hosted\pub.dev\permission_handler_windows-0.2.1\
[   +8 ms] Found plugin permission_handler_html at C:\Users\niyaa\AppData\Local\Pub\Cache\hosted\pub.dev\permission_handler_html-0.1.3+5\
[  +11 ms] Found plugin permission_handler_apple at C:\Users\niyaa\AppData\Local\Pub\Cache\hosted\pub.dev\permission_handler_apple-9.4.7\
[   +3 ms] Found plugin permission_handler_android at C:\Users\niyaa\AppData\Local\Pub\Cache\hosted\pub.dev\permission_handler_android-12.1.0\
[  +11 ms] Found plugin path_provider at C:\Users\niyaa\AppData\Local\Pub\Cache\hosted\pub.dev\path_provider-2.1.5\
[   +3 ms] Found plugin path_provider_windows at C:\Users\niyaa\AppData\Local\Pub\Cache\hosted\pub.dev\path_provider_windows-2.3.0\
[  +17 ms] Found plugin path_provider_linux at C:\Users\niyaa\AppData\Local\Pub\Cache\hosted\pub.dev\path_provider_linux-2.2.1\
[  +10 ms] Found plugin path_provider_foundation at C:\Users\niyaa\AppData\Local\Pub\Cache\hosted\pub.dev\path_provider_foundation-2.5.1\
[  +12 ms] Found plugin path_provider_android at C:\Users\niyaa\AppData\Local\Pub\Cache\hosted\pub.dev\path_provider_android-2.2.22\
[  +46 ms] Found plugin flutter_blue_plus at C:\Users\niyaa\AppData\Local\Pub\Cache\hosted\pub.dev\flutter_blue_plus-1.36.8\
[   +5 ms] Found plugin flutter_blue_plus_web at C:\Users\niyaa\AppData\Local\Pub\Cache\hosted\pub.dev\flutter_blue_plus_web-7.0.2\
[   +7 ms] Found plugin flutter_blue_plus_linux at C:\Users\niyaa\AppData\Local\Pub\Cache\hosted\pub.dev\flutter_blue_plus_linux-7.0.3\
[  +49 ms] Found plugin flutter_blue_plus_darwin at C:\Users\niyaa\AppData\Local\Pub\Cache\hosted\pub.dev\flutter_blue_plus_darwin-7.0.3\
[   +3 ms] Found plugin flutter_blue_plus_android at C:\Users\niyaa\AppData\Local\Pub\Cache\hosted\pub.dev\flutter_blue_plus_android-7.0.4\
[  +37 ms] Skipping generating dart_plugin_registrant.dart because it is up-to-date.
[  +10 ms] gen_dart_plugin_registrant: Complete
[  +14 ms] Skipping target: _composite
[   +3 ms] complete
[  +16 ms] Launching lib\main.dart on Windows in debug mode...
[  +31 ms] C:\flutter\bin\cache\dart-sdk\bin\dartaotruntime.exe C:\flutter\bin\cache\dart-sdk\bin\snapshots\frontend_server_aot.dart.snapshot --sdk-root C:\flutter\bin\cache\artifacts\engine\common\flutter_patched_sdk/ --incremental --target=flutter --experimental-emit-debug-metadata -DFLUTTER_VERSION=3.38.4 -DFLUTTER_CHANNEL=stable -DFLUTTER_GIT_URL=https://github.com/flutter/flutter.git -DFLUTTER_FRAMEWORK_REVISION=66dd93f9a2 -DFLUTTER_ENGINE_REVISION=a5cb96369e -DFLUTTER_DART_VERSION=3.10.3 --output-dill C:\Users\niyaa\AppData\Local\Temp\flutter_tools.890c29f4\flutter_tool.98c90fbf\app.dill --packages C:\Users\niyaa\OneDrive\Desktop\niabrm\Projects\MecLabs\PULSO\.dart_tool\package_config.json -Ddart.vm.profile=false -Ddart.vm.product=false --enable-asserts --track-widget-creation --filesystem-scheme org-dartlang-root --initialize-from-dill build\07dde02958c6c3f720ba69942e639b42.cache.dill.track.dill --source file:///C:/Users/niyaa/OneDrive/Desktop/niabrm/Projects/MecLabs/PULSO/.dart_tool/flutter_build/dart_plugin_registrant.dart --source package:flutter/src/dart_plugin_registrant.dart -Dflutter.dart_plugin_registrant=file:///C:/Users/niyaa/OneDrive/Desktop/niabrm/Projects/MecLabs/PULSO/.dart_tool/flutter_build/dart_plugin_registrant.dart --verbosity=error --enable-experiment=alternative-invalidation-strategy
[ +143 ms] executing: C:\Program Files (x86)\Microsoft Visual Studio\Installer\vswhere.exe -format json -products * -utf8 -latest -version 16 -requires Microsoft.VisualStudio.Workload.NativeDesktop Microsoft.VisualStudio.Component.VC.Tools.x86.x64 Microsoft.VisualStudio.Component.VC.CMake.Project
[+1425 ms] Exit code 0 from: C:\Program Files (x86)\Microsoft Visual Studio\Installer\vswhere.exe -format json -products * -utf8 -latest -version 16 -requires Microsoft.VisualStudio.Workload.NativeDesktop Microsoft.VisualStudio.Component.VC.Tools.x86.x64 Microsoft.VisualStudio.Component.VC.CMake.Project
[        ] []
[   +1 ms] executing: C:\Program Files (x86)\Microsoft Visual Studio\Installer\vswhere.exe -format json -products * -utf8 -latest -version 16 -requires Microsoft.VisualStudio.Workload.VCTools Microsoft.VisualStudio.Component.VC.Tools.x86.x64 Microsoft.VisualStudio.Component.VC.CMake.Project
[ +343 ms] Exit code 0 from: C:\Program Files (x86)\Microsoft Visual Studio\Installer\vswhere.exe -format json -products * -utf8 -latest -version 16 -requires Microsoft.VisualStudio.Workload.VCTools Microsoft.VisualStudio.Component.VC.Tools.x86.x64 Microsoft.VisualStudio.Component.VC.CMake.Project
[        ] [
             {
               "instanceId": "0d689bfd",
               "installDate": "2025-12-04T16:24:55Z",
               "installationName": "VisualStudio/18.0.2+11222.15",
               "installationPath": "C:\\Program Files (x86)\\Microsoft Visual Studio\\18\\BuildTools",
               "installationVersion": "18.0.11222.15",
               "productId": "Microsoft.VisualStudio.Product.BuildTools",
               "productPath": "C:\\Program Files (x86)\\Microsoft Visual Studio\\18\\BuildTools\\Common7\\Tools\\LaunchDevCmd.bat",
               "state": 4294967295,
               "isComplete": true,
               "isLaunchable": true,
               "isPrerelease": false,
               "isRebootRequired": false,
               "displayName": "Visual Studio Build Tools 2026",
               "description": "Essential MSBuild and compiler tools â€“ no IDE required.",
               "channelId": "VisualStudio.18.Release",
               "channelUri": "https://aka.ms/vs/18/stable/channel",
               "enginePath": "C:\\Program Files (x86)\\Microsoft Visual Studio\\Installer\\resources\\app\\ServiceHub\\Services\\Microsoft.VisualStudio.Setup.Service",
               "installedChannelId": "VisualStudio.18.Release",
               "installedChannelUri": "https://aka.ms/vs/18/stable/channel",
               "releaseNotes": "https://docs.microsoft.com/en-us/visualstudio/releases/18/release-notes-v18.0#18.0.2",
               "resolvedInstallationPath": "C:\\Program Files (x86)\\Microsoft Visual Studio\\18\\BuildTools",
               "thirdPartyNotices": "https://go.microsoft.com/fwlink/?LinkId=661480",
               "updateDate": "2025-12-04T16:24:55.5241787Z",
               "catalog": {
                 "buildBranch": "d18.0",
                 "buildVersion": "18.0.11222.15",
                 "featureReleaseMonth": "11",
                 "featureReleaseYear": "2025",
                 "id": "VisualStudio/18.0.2+11222.15",
                 "includeBuildVersionInDisplayVersion": "False",
                 "localBuild": "build-lab",
                 "manifestName": "VisualStudio",
                 "manifestType": "installer",
                 "productDisplayVersion": "18.0.2",
                 "productLine": "Dev18",
                 "productLineVersion": "18",
                 "productMilestone": "RTW",
                 "productMilestoneIsPreRelease": "False",
                 "productName": "Visual Studio",
                 "productPatchVersion": "2",
                 "productPreReleaseMilestoneSuffix": "1.0",
                 "productRelease": "RTW",
                 "productSemanticVersion": "18.0.2+11222.15",
                 "requiredEngineVersion": "4.0.2166.47498"
               },
               "properties": {
                 "appLocalWPF": "false",
                 "campaignId": "",
                 "channelManifestId": "VisualStudio.18.Release/18.0.2+11222.15",
                 "includeRecommended": "0",
                 "nickname": "",
                 "setupEngineFilePath": "C:\\Program Files (x86)\\Microsoft Visual Studio\\Installer\\setup.exe"
               }
             }
           ]
[  +22 ms] Building Windows application...
[  +24 ms] <- compile package:pulso_app/main.dart
[   +2 ms] executing: C:\Program Files (x86)\Microsoft Visual Studio\18\BuildTools\Common7\IDE\CommonExtensions\Microsoft\CMake\CMake\bin\cmake.exe -S C:\Users\niyaa\OneDrive\Desktop\niabrm\Projects\MecLabs\PULSO\windows -B C:\Users\niyaa\OneDrive\Desktop\niabrm\Projects\MecLabs\PULSO\build\windows\x64 -G Visual Studio 18 2026 -A x64 -DFLUTTER_TARGET_PLATFORM=windows-x64
[+1486 ms] Nuget.exe not found, trying to download or use cached version.
[+11167 ms] Feeds used:
[   +1 ms]   C:\Users\niyaa\.nuget\packages\
[        ]   https://api.nuget.org/v3/index.json
[ +317 ms] Package "Microsoft.Windows.CppWinRT.2.0.210806.1" is already installed.
[+1599 ms] lib/core/theme.dart:47:18: Error: The argument type 'CardTheme' can't be assigned to the parameter type 'CardThemeData?'.
[   +1 ms]  - 'CardTheme' is from 'package:flutter/src/material/card_theme.dart' ('/C:/flutter/packages/flutter/lib/src/material/card_theme.dart').
[        ]  - 'CardThemeData' is from 'package:flutter/src/material/card_theme.dart' ('/C:/flutter/packages/flutter/lib/src/material/card_theme.dart').
[        ]       cardTheme: CardTheme(
[        ]                  ^
[   +3 ms] lib/core/theme.dart:83:18: Error: The argument type 'CardTheme' can't be assigned to the parameter type 'CardThemeData?'.
[        ]  - 'CardTheme' is from 'package:flutter/src/material/card_theme.dart' ('/C:/flutter/packages/flutter/lib/src/material/card_theme.dart').
[        ]  - 'CardThemeData' is from 'package:flutter/src/material/card_theme.dart' ('/C:/flutter/packages/flutter/lib/src/material/card_theme.dart').
[   +2 ms]       cardTheme: CardTheme(
[        ]                  ^
[+2239 ms] -- Configuring done (15.7s)
[+3125 ms] -- Generating done (2.7s)
[  +59 ms] -- Build files have been written to: C:/Users/niyaa/OneDrive/Desktop/niabrm/Projects/MecLabs/PULSO/build/windows/x64
[ +340 ms] executing: C:\Program Files (x86)\Microsoft Visual Studio\18\BuildTools\Common7\IDE\CommonExtensions\Microsoft\CMake\CMake\bin\cmake.exe --build C:\Users\niyaa\OneDrive\Desktop\niabrm\Projects\MecLabs\PULSO\build\windows\x64 --config Debug --target INSTALL --verbose
[ +907 ms] Change Dir: 'C:/Users/niyaa/OneDrive/Desktop/niabrm/Projects/MecLabs/PULSO/build/windows/x64'
[        ] Run Build Command(s): "C:/Program Files (x86)/Microsoft Visual Studio/18/BuildTools/MSBuild/Current/Bin/amd64/MSBuild.exe" INSTALL.vcxproj /p:Configuration=Debug /p:Platform=x64 /p:VisualStudioVersion=18.0 /v:n
[ +681 ms] MSBuild version 18.0.5+e22287bf1 for .NET Framework
[ +292 ms] Build started 12-12-2025 22:26:01.
[+1950 ms] Project "C:\Users\niyaa\OneDrive\Desktop\niabrm\Projects\MecLabs\PULSO\build\windows\x64\INSTALL.vcxproj" on node 1 (default targets).
[   +1 ms] Project "C:\Users\niyaa\OneDrive\Desktop\niabrm\Projects\MecLabs\PULSO\build\windows\x64\INSTALL.vcxproj" (1) is building "C:\Users\niyaa\OneDrive\Desktop\niabrm\Projects\MecLabs\PULSO\build\windows\x64\ZERO_CHECK.vcxproj" (2) on node 1 (default targets).
[        ] PrepareForBuild:
[        ]   Structured output is enabled. The formatting of compiler diagnostics will reflect the error hierarchy. See https://aka.ms/cpp/structured-output for more details.
[  +33 ms] InitializeBuildStatus:
[        ]   Creating "x64\Debug\ZERO_CHECK\ZERO_CHECK.tlog\unsuccessfulbuild" because "AlwaysCreate" was specified.
[        ]   Touching "x64\Debug\ZERO_CHECK\ZERO_CHECK.tlog\unsuccessfulbuild".
[  +84 ms] CustomBuild:
[   +8 ms]   All outputs are up-to-date.
[ +297 ms] FinalizeBuildStatus:
[   +4 ms]   Deleting file "x64\Debug\ZERO_CHECK\ZERO_CHECK.tlog\unsuccessfulbuild".
[  +11 ms]   Touching "x64\Debug\ZERO_CHECK\ZERO_CHECK.tlog\ZERO_CHECK.lastbuildstate".
[   +8 ms] Done Building Project "C:\Users\niyaa\OneDrive\Desktop\niabrm\Projects\MecLabs\PULSO\build\windows\x64\ZERO_CHECK.vcxproj" (default targets).
[ +614 ms] Project "C:\Users\niyaa\OneDrive\Desktop\niabrm\Projects\MecLabs\PULSO\build\windows\x64\INSTALL.vcxproj" (1) is building "C:\Users\niyaa\OneDrive\Desktop\niabrm\Projects\MecLabs\PULSO\build\windows\x64\ALL_BUILD.vcxproj" (3) on node 1 (default targets).
[   +4 ms] Project "C:\Users\niyaa\OneDrive\Desktop\niabrm\Projects\MecLabs\PULSO\build\windows\x64\ALL_BUILD.vcxproj" (3) is building "C:\Users\niyaa\OneDrive\Desktop\niabrm\Projects\MecLabs\PULSO\build\windows\x64\flutter\flutter_wrapper_app.vcxproj" (4) on node 1 (default targets).
[        ] Project "C:\Users\niyaa\OneDrive\Desktop\niabrm\Projects\MecLabs\PULSO\build\windows\x64\flutter\flutter_wrapper_app.vcxproj" (4) is building "C:\Users\niyaa\OneDrive\Desktop\niabrm\Projects\MecLabs\PULSO\build\windows\x64\flutter\flutter_assemble.vcxproj" (5) on node 1 (default targets).
[        ] PrepareForBuild:
[        ]   Structured output is enabled. The formatting of compiler diagnostics will reflect the error hierarchy. See https://aka.ms/cpp/structured-output for more details.
[   +3 ms] InitializeBuildStatus:
[        ]   Touching "x64\Debug\flutter_assemble\flutter_assemble.tlog\unsuccessfulbuild".
[ +101 ms] CustomBuild:
[   +1 ms]   "The build of 'C:\Users\niyaa\OneDrive\Desktop\niabrm\Projects\MecLabs\PULSO\build\windows\x64\CMakeFiles\5757683f23fcef1b75e85698917adedb\flutter_assemble.rule' depends on 'C:\USERS\NIYAA\ONEDRIVE\DESKTOP\NIABRM\PROJECTS\MECLABS\PULSO\WINDOWS\FLUTTER\EPHEMERAL\FLUTTER_WINDOWS.DLL' which is produced by the build of 'C:\Users\niyaa\OneDrive\Desktop\niabrm\Projects\MecLabs\PULSO\build\windows\x64\CMakeFiles\d1d40c2b9f61478af5a4b7b9e3a5bbd8\flutter_windows.dll.rule'. The items cannot be built in parallel."
[ +875 ms]   Generating C:/Users/niyaa/OneDrive/Desktop/niabrm/Projects/MecLabs/PULSO/windows/flutter/ephemeral/flutter_windows.dll, C:/Users/niyaa/OneDrive/Desktop/niabrm/Projects/MecLabs/PULSO/windows/flutter/ephemeral/flutter_export.h, C:/Users/niyaa/OneDrive/Desktop/niabrm/Projects/MecLabs/PULSO/windows/flutter/ephemeral/flutter_windows.h, C:/Users/niyaa/OneDrive/Desktop/niabrm/Projects/MecLabs/PULSO/windows/flutter/ephemeral/flutter_messenger.h, C:/Users/niyaa/OneDrive/Desktop/niabrm/Projects/MecLabs/PULSO/windows/flutter/ephemeral/flutter_plugin_registrar.h, C:/Users/niyaa/OneDrive/Desktop/niabrm/Projects/MecLabs/PULSO/windows/flutter/ephemeral/flutter_texture_registrar.h, C:/Users/niyaa/OneDrive/Desktop/niabrm/Projects/MecLabs/PULSO/windows/flutter/ephemeral/cpp_client_wrapper/core_implementations.cc, C:/Users/niyaa/OneDrive/Desktop/niabrm/Projects/MecLabs/PULSO/windows/flutter/ephemeral/cpp_client_wrapper/standard_codec.cc, C:/Users/niyaa/OneDrive/Desktop/niabrm/Projects/MecLabs/PULSO/windows/flutter/ephemeral/cpp_client_wrapper/plugin_registrar.cc, C:/Users/niyaa/OneDrive/Desktop/niabrm/Projects/MecLabs/PULSO/windows/flutter/ephemeral/cpp_client_wrapper/flutter_engine.cc, C:/Users/niyaa/OneDrive/Desktop/niabrm/Projects/MecLabs/PULSO/windows/flutter/ephemeral/cpp_client_wrapper/flutter_view_controller.cc, _phony_
[+20763 ms]   [+5017 ms] Unable to locate an Android SDK.
[  +21 ms]   [  +22 ms] Artifact Instance of 'MaterialFonts' is not required, skipping update.
[        ]   [        ] Artifact Instance of 'GradleWrapper' is not required, skipping update.
[   +1 ms]   [        ] Artifact Instance of 'AndroidGenSnapshotArtifacts' is not required, skipping update.
[        ]   [        ] Artifact Instance of 'AndroidInternalBuildArtifacts' is not required, skipping update.
[        ]   [        ] Artifact Instance of 'IOSEngineArtifacts' is not required, skipping update.
[        ]   [        ] Artifact Instance of 'FlutterWebSdk' is not required, skipping update.
[        ]   [   +2 ms] Artifact Instance of 'LegacyCanvasKitRemover' is not required, skipping update.
[        ]   [        ] Artifact Instance of 'FlutterSdk' is not required, skipping update.
[        ]   [        ] Artifact Instance of 'WindowsEngineArtifacts' is not required, skipping update.
[        ]   [        ] Artifact Instance of 'MacOSEngineArtifacts' is not required, skipping update.
[   +1 ms]   [        ] Artifact Instance of 'LinuxEngineArtifacts' is not required, skipping update.
[        ]   [        ] Artifact Instance of 'LinuxFuchsiaSDKArtifacts' is not required, skipping update.
[        ]   [  +76 ms] Artifact Instance of 'MacOSFuchsiaSDKArtifacts' is not required, skipping update.
[        ]   [        ] Artifact Instance of 'FlutterRunnerSDKArtifacts' is not required, skipping update.
[        ]   [        ] Artifact Instance of 'FlutterRunnerDebugSymbols' is not required, skipping update.
[        ]   [        ] Artifact Instance of 'IosUsbArtifacts' is not required, skipping update.
[        ]   [        ] Artifact Instance of 'IosUsbArtifacts' is not required, skipping update.
[        ]   [        ] Artifact Instance of 'IosUsbArtifacts' is not required, skipping update.
[        ]   [        ] Artifact Instance of 'IosUsbArtifacts' is not required, skipping update.
[        ]   [        ] Artifact Instance of 'IosUsbArtifacts' is not required, skipping update.
[        ]   [        ] Artifact Instance of 'IosUsbArtifacts' is not required, skipping update.
[        ]   [        ] Artifact Instance of 'FontSubsetArtifacts' is not required, skipping update.
[        ]   [        ] Artifact Instance of 'PubDependencies' is not required, skipping update.
[        ]   [  +24 ms] Artifact Instance of 'AndroidGenSnapshotArtifacts' is not required, skipping update.
[        ]   [        ] Artifact Instance of 'AndroidInternalBuildArtifacts' is not required, skipping update.
[        ]   [        ] Artifact Instance of 'IOSEngineArtifacts' is not required, skipping update.
[        ]   [        ] Artifact Instance of 'FlutterWebSdk' is not required, skipping update.
[        ]   [        ] Artifact Instance of 'FlutterEngineStamp' is not required, skipping update.
[        ]   [        ] Artifact Instance of 'LegacyCanvasKitRemover' is not required, skipping update.
[        ]   [   +7 ms] Artifact Instance of 'WindowsEngineArtifacts' is not required, skipping update.
[        ]   [        ] Artifact Instance of 'MacOSEngineArtifacts' is not required, skipping update.
[        ]   [        ] Artifact Instance of 'LinuxEngineArtifacts' is not required, skipping update.
[        ]   [        ] Artifact Instance of 'LinuxFuchsiaSDKArtifacts' is not required, skipping update.
[        ]   [        ] Artifact Instance of 'MacOSFuchsiaSDKArtifacts' is not required, skipping update.
[        ]   [        ] Artifact Instance of 'FlutterRunnerSDKArtifacts' is not required, skipping update.
[   +1 ms]   [  +16 ms] Artifact Instance of 'FlutterRunnerDebugSymbols' is not required, skipping update.
[ +174 ms]   [ +287 ms] Artifact Instance of 'MaterialFonts' is not required, skipping update.
[        ]   [        ] Artifact Instance of 'GradleWrapper' is not required, skipping update.
[        ]   [        ] Artifact Instance of 'AndroidGenSnapshotArtifacts' is not required, skipping update.
[   +1 ms]   [        ] Artifact Instance of 'AndroidInternalBuildArtifacts' is not required, skipping update.
[        ]   [        ] Artifact Instance of 'IOSEngineArtifacts' is not required, skipping update.
[   +3 ms]   [        ] Artifact Instance of 'FlutterWebSdk' is not required, skipping update.
[        ]   [        ] Artifact Instance of 'FlutterEngineStamp' is not required, skipping update.
[        ]   [        ] Artifact Instance of 'LegacyCanvasKitRemover' is not required, skipping update.
[        ]   [        ] Artifact Instance of 'FlutterSdk' is not required, skipping update.
[   +5 ms]   [  +14 ms] Artifact Instance of 'MacOSEngineArtifacts' is not required, skipping update.
[   +3 ms]   [        ] Artifact Instance of 'LinuxEngineArtifacts' is not required, skipping update.
[   +1 ms]   [        ] Artifact Instance of 'LinuxFuchsiaSDKArtifacts' is not required, skipping update.
[        ]   [        ] Artifact Instance of 'MacOSFuchsiaSDKArtifacts' is not required, skipping update.
[   +1 ms]   [        ] Artifact Instance of 'FlutterRunnerSDKArtifacts' is not required, skipping update.
[   +1 ms]   [        ] Artifact Instance of 'FlutterRunnerDebugSymbols' is not required, skipping update.
[        ]   [        ] Artifact Instance of 'IosUsbArtifacts' is not required, skipping update.
[        ]   [        ] Artifact Instance of 'IosUsbArtifacts' is not required, skipping update.
[        ]   [        ] Artifact Instance of 'IosUsbArtifacts' is not required, skipping update.
[        ]   [   +1 ms] Artifact Instance of 'IosUsbArtifacts' is not required, skipping update.
[   +1 ms]   [        ] Artifact Instance of 'IosUsbArtifacts' is not required, skipping update.
[        ]   [        ] Artifact Instance of 'IosUsbArtifacts' is not required, skipping update.
[        ]   [        ] Artifact Instance of 'FontSubsetArtifacts' is not required, skipping update.
[        ]   [        ] Artifact Instance of 'PubDependencies' is not required, skipping update.
[ +648 ms]   [ +647 ms] Initializing file store
[  +84 ms]   [  +89 ms] Done initializing file store
[ +633 ms]   [ +634 ms] Skipping target: dart_build
[  +11 ms]   [  +11 ms] Skipping target: gen_dart_plugin_registrant
[+12458 ms]   [+12422 ms] Skipping target: unpack_windows
[  +12 ms]   [  +20 ms] Skipping target: install_code_assets
[   +1 ms]   [   +1 ms] Skipping target: gen_localizations
[+3405 ms]   [+3432 ms] kernel_snapshot_program: Starting due to {InvalidatedReasonKind.outputSetAddition: The following outputs were added to the output set: C:\Users\niyaa\OneDrive\Desktop\niabrm\Projects\MecLabs\PULSO\.dart_tool\flutter_build\f98f9313ac0ee0e875bcfead2d065cb3\app.dill}
[  +90 ms]   [  +91 ms] C:\flutter\bin\cache\dart-sdk\bin\dartaotruntime.exe C:\flutter\bin\cache\dart-sdk\bin\snapshots\frontend_server_aot.dart.snapshot --sdk-root C:\flutter\bin\cache\artifacts\engine\common\flutter_patched_sdk/ --target=flutter --no-print-incremental-dependencies -DFLUTTER_VERSION=3.38.4 -DFLUTTER_CHANNEL=stable -DFLUTTER_GIT_URL=https://github.com/flutter/flutter.git -DFLUTTER_FRAMEWORK_REVISION=66dd93f9a2 -DFLUTTER_ENGINE_REVISION=a5cb96369e -DFLUTTER_DART_VERSION=3.10.3 -Ddart.vm.profile=false -Ddart.vm.product=false --enable-asserts --track-widget-creation --packages C:\Users\niyaa\OneDrive\Desktop\niabrm\Projects\MecLabs\PULSO\.dart_tool\package_config.json --output-dill C:\Users\niyaa\OneDrive\Desktop\niabrm\Projects\MecLabs\PULSO\.dart_tool\flutter_build\f98f9313ac0ee0e875bcfead2d065cb3\app.dill --depfile C:\Users\niyaa\OneDrive\Desktop\niabrm\Projects\MecLabs\PULSO\.dart_tool\flutter_build\f98f9313ac0ee0e875bcfead2d065cb3\kernel_snapshot_program.d --incremental --initialize-from-dill C:\Users\niyaa\OneDrive\Desktop\niabrm\Projects\MecLabs\PULSO\.dart_tool\flutter_build\f98f9313ac0ee0e875bcfead2d065cb3\app.dill --source file:///C:/Users/niyaa/OneDrive/Desktop/niabrm/Projects/MecLabs/PULSO/.dart_tool/flutter_build/dart_plugin_registrant.dart --source package:flutter/src/dart_plugin_registrant.dart -Dflutter.dart_plugin_registrant=file:///C:/Users/niyaa/OneDrive/Desktop/niabrm/Projects/MecLabs/PULSO/.dart_tool/flutter_build/dart_plugin_registrant.dart --verbosity=error package:pulso_app/main.dart
[+5965 ms] [+4761 ms] lib/core/theme.dart(47,18): error GC2F972A8: The argument type 'CardTheme' can't be assigned to the parameter type 'CardThemeData?'. [C:\Users\niyaa\OneDrive\Desktop\niabrm\Projects\MecLabs\PULSO\build\windows\x64\flutter\flutter_assemble.vcxproj]
[   +3 ms]   [+1032 ms] Persisting file store
[        ]   [   +6 ms]  - 'CardTheme' is from 'package:flutter/src/material/card_theme.dart' ('/C:/flutter/packages/flutter/lib/src/material/card_theme.dart').
[        ]   [        ]  - 'CardThemeData' is from 'package:flutter/src/material/card_theme.dart' ('/C:/flutter/packages/flutter/lib/src/material/card_theme.dart').
[        ]   [   +1 ms]       cardTheme: CardTheme(
[        ]   [        ]                  ^
[        ] [        ] lib/core/theme.dart(83,18): error GC2F972A8: The argument type 'CardTheme' can't be assigned to the parameter type 'CardThemeData?'. [C:\Users\niyaa\OneDrive\Desktop\niabrm\Projects\MecLabs\PULSO\build\windows\x64\flutter\flutter_assemble.vcxproj]
[        ]   [        ]  - 'CardTheme' is from 'package:flutter/src/material/card_theme.dart' ('/C:/flutter/packages/flutter/lib/src/material/card_theme.dart').
[        ]   [        ]  - 'CardThemeData' is from 'package:flutter/src/material/card_theme.dart' ('/C:/flutter/packages/flutter/lib/src/material/card_theme.dart').
[        ]   [        ]       cardTheme: CardTheme(
[        ]   [        ]                  ^
[   +8 ms]   [ +176 ms] Done persisting file store
[  +25 ms]   [  +28 ms] Target kernel_snapshot_program failed: Exception
[  +13 ms]              #0      KernelSnapshot.build (package:flutter_tools/src/build_system/targets/common.dart:289:7)
[        ]              <asynchronous suspension>
[        ]              #1      _BuildInstance._invokeInternal (package:flutter_tools/src/build_system/build_system.dart:895:9)
[        ]              <asynchronous suspension>
[        ]              #2      Future.wait.<anonymous closure> (dart:async/future.dart:546:21)
[        ]              <asynchronous suspension>
[        ]              #3      _BuildInstance.invokeTarget (package:flutter_tools/src/build_system/build_system.dart:833:32)
[        ]              <asynchronous suspension>
[   +2 ms]              #4      FlutterBuildSystem.build (package:flutter_tools/src/build_system/build_system.dart:653:16)
[        ]              <asynchronous suspension>
[        ]              #5      AssembleCommand.runCommand (package:flutter_tools/src/commands/assemble.dart:361:32)
[        ]              <asynchronous suspension>
[        ]              #6      FlutterCommand.run.<anonymous closure> (package:flutter_tools/src/runner/flutter_command.dart:1559:27)
[        ]              <asynchronous suspension>
[        ]              #7      AppContext.run.<anonymous closure> (package:flutter_tools/src/base/context.dart:154:19)
[        ]              <asynchronous suspension>
[        ]              #8      CommandRunner.runCommand (package:args/command_runner.dart:212:13)
[        ]              <asynchronous suspension>
[        ]              #9      FlutterCommandRunner.runCommand.<anonymous closure> (package:flutter_tools/src/runner/flutter_command_runner.dart:487:9)
[        ]              <asynchronous suspension>
[        ]              #10     AppContext.run.<anonymous closure> (package:flutter_tools/src/base/context.dart:154:19)
[   +3 ms]              <asynchronous suspension>
[        ]              #11     FlutterCommandRunner.runCommand (package:flutter_tools/src/runner/flutter_command_runner.dart:422:5)
[        ]              <asynchronous suspension>
[   +1 ms]              #12     run.<anonymous closure>.<anonymous closure> (package:flutter_tools/runner.dart:104:11)
[   +1 ms]              <asynchronous suspension>
[        ]              #13     AppContext.run.<anonymous closure> (package:flutter_tools/src/base/context.dart:154:19)
[        ]              <asynchronous suspension>
[        ]              #14     main (package:flutter_tools/executable.dart:103:3)
[        ]              <asynchronous suspension>
[        ]   [  +26 ms] "flutter assemble" took 23,734ms.
[ +238 ms]   [ +242 ms] 
[        ]              #0      throwToolExit (package:flutter_tools/src/base/common.dart:34:3)
[        ]              #1      AssembleCommand.runCommand (package:flutter_tools/src/commands/assemble.dart:379:7)
[        ]              <asynchronous suspension>
[        ]              #2      FlutterCommand.run.<anonymous closure> (package:flutter_tools/src/runner/flutter_command.dart:1559:27)
[        ]              <asynchronous suspension>
[        ]              #3      AppContext.run.<anonymous closure> (package:flutter_tools/src/base/context.dart:154:19)
[        ]              <asynchronous suspension>
[        ]              #4      CommandRunner.runCommand (package:args/command_runner.dart:212:13)
[   +3 ms]              <asynchronous suspension>
[        ]              #5      FlutterCommandRunner.runCommand.<anonymous closure> (package:flutter_tools/src/runner/flutter_command_runner.dart:487:9)
[        ]              <asynchronous suspension>
[        ]              #6      AppContext.run.<anonymous closure> (package:flutter_tools/src/base/context.dart:154:19)
[        ]              <asynchronous suspension>
[        ]              #7      FlutterCommandRunner.runCommand (package:flutter_tools/src/runner/flutter_command_runner.dart:422:5)
[        ]              <asynchronous suspension>
[        ]              #8      run.<anonymous closure>.<anonymous closure> (package:flutter_tools/runner.dart:104:11)
[        ]              <asynchronous suspension>
[        ]              #9      AppContext.run.<anonymous closure> (package:flutter_tools/src/base/context.dart:154:19)
[        ]              <asynchronous suspension>
[   +2 ms]              #10     main (package:flutter_tools/executable.dart:103:3)
[        ]              <asynchronous suspension>
[   +1 ms]   [   +1 ms] Running 1 shutdown hook
[        ]   [   +6 ms] Shutdown hooks complete
[ +216 ms]   [ +221 ms] exiting with code 1
[ +683 ms] C:\Program Files (x86)\Microsoft Visual Studio\18\BuildTools\MSBuild\Microsoft\VC\v180\Microsoft.CppCommon.targets(254,5): error MSB8066: Custom build for 'C:\Users\niyaa\OneDrive\Desktop\niabrm\Projects\MecLabs\PULSO\build\windows\x64\CMakeFiles\d1d40c2b9f61478af5a4b7b9e3a5bbd8\flutter_windows.dll.rule;C:\Users\niyaa\OneDrive\Desktop\niabrm\Projects\MecLabs\PULSO\build\windows\x64\CMakeFiles\5757683f23fcef1b75e85698917adedb\flutter_assemble.rule' exited with code 1. [C:\Users\niyaa\OneDrive\Desktop\niabrm\Projects\MecLabs\PULSO\build\windows\x64\flutter\flutter_assemble.vcxproj]
[ +201 ms] Done Building Project "C:\Users\niyaa\OneDrive\Desktop\niabrm\Projects\MecLabs\PULSO\build\windows\x64\flutter\flutter_assemble.vcxproj" (default targets) -- FAILED.
[  +47 ms] Done Building Project "C:\Users\niyaa\OneDrive\Desktop\niabrm\Projects\MecLabs\PULSO\build\windows\x64\flutter\flutter_wrapper_app.vcxproj" (default targets) -- FAILED.
[ +413 ms] Done Building Project "C:\Users\niyaa\OneDrive\Desktop\niabrm\Projects\MecLabs\PULSO\build\windows\x64\ALL_BUILD.vcxproj" (default targets) -- FAILED.
[   +1 ms] Done Building Project "C:\Users\niyaa\OneDrive\Desktop\niabrm\Projects\MecLabs\PULSO\build\windows\x64\INSTALL.vcxproj" (default targets) -- FAILED.
[  +31 ms] Build FAILED.
[   +6 ms] "C:\Users\niyaa\OneDrive\Desktop\niabrm\Projects\MecLabs\PULSO\build\windows\x64\INSTALL.vcxproj" (default target) (1) ->
[        ] "C:\Users\niyaa\OneDrive\Desktop\niabrm\Projects\MecLabs\PULSO\build\windows\x64\ALL_BUILD.vcxproj" (default target) (3) ->
[        ] "C:\Users\niyaa\OneDrive\Desktop\niabrm\Projects\MecLabs\PULSO\build\windows\x64\flutter\flutter_wrapper_app.vcxproj" (default target) (4) ->
[        ] "C:\Users\niyaa\OneDrive\Desktop\niabrm\Projects\MecLabs\PULSO\build\windows\x64\flutter\flutter_assemble.vcxproj" (default target) (5) ->
[        ] (CustomBuild target) -> 
[        ]   [+4761 ms] lib/core/theme.dart(47,18): error GC2F972A8: The argument type 'CardTheme' can't be assigned to the parameter type 'CardThemeData?'. [C:\Users\niyaa\OneDrive\Desktop\niabrm\Projects\MecLabs\PULSO\build\windows\x64\flutter\flutter_assemble.vcxproj]
[        ]   [        ] lib/core/theme.dart(83,18): error GC2F972A8: The argument type 'CardTheme' can't be assigned to the parameter type 'CardThemeData?'. [C:\Users\niyaa\OneDrive\Desktop\niabrm\Projects\MecLabs\PULSO\build\windows\x64\flutter\flutter_assemble.vcxproj]
[        ]   C:\Program Files (x86)\Microsoft Visual Studio\18\BuildTools\MSBuild\Microsoft\VC\v180\Microsoft.CppCommon.targets(254,5): error MSB8066: Custom build for 'C:\Users\niyaa\OneDrive\Desktop\niabrm\Projects\MecLabs\PULSO\build\windows\x64\CMakeFiles\d1d40c2b9f61478af5a4b7b9e3a5bbd8\flutter_windows.dll.rule;C:\Users\niyaa\OneDrive\Desktop\niabrm\Projects\MecLabs\PULSO\build\windows\x64\CMakeFiles\5757683f23fcef1b75e85698917adedb\flutter_assemble.rule' exited with code 1. [C:\Users\niyaa\OneDrive\Desktop\niabrm\Projects\MecLabs\PULSO\build\windows\x64\flutter\flutter_assemble.vcxproj]
[        ]     0 Warning(s)
[        ]     3 Error(s)
[        ] Time Elapsed 00:00:50.24
[ +222 ms] Building Windows application... (completed in 72.7s)
[   +8 ms] Error: Build process failed.
[  +27 ms] "flutter run" took 78,547ms.
[ +212 ms] 
           #0      throwToolExit (package:flutter_tools/src/base/common.dart:34:3)
           #1      RunCommand.runCommand (package:flutter_tools/src/commands/run.dart:897:9)
           <asynchronous suspension>
           #2      FlutterCommand.run.<anonymous closure> (package:flutter_tools/src/runner/flutter_command.dart:1559:27)
           <asynchronous suspension>
           #3      AppContext.run.<anonymous closure> (package:flutter_tools/src/base/context.dart:154:19)
           <asynchronous suspension>
           #4      CommandRunner.runCommand (package:args/command_runner.dart:212:13)
           <asynchronous suspension>
           #5      FlutterCommandRunner.runCommand.<anonymous closure> (package:flutter_tools/src/runner/flutter_command_runner.dart:487:9)
           <asynchronous suspension>
           #6      AppContext.run.<anonymous closure> (package:flutter_tools/src/base/context.dart:154:19)
           <asynchronous suspension>
           #7      FlutterCommandRunner.runCommand (package:flutter_tools/src/runner/flutter_command_runner.dart:422:5)
           <asynchronous suspension>
           #8      run.<anonymous closure>.<anonymous closure> (package:flutter_tools/runner.dart:104:11)
           <asynchronous suspension>
           #9      AppContext.run.<anonymous closure> (package:flutter_tools/src/base/context.dart:154:19)
           <asynchronous suspension>
           #10     main (package:flutter_tools/executable.dart:103:3)
           <asynchronous suspension>


[   +5 ms] Running 3 shutdown hooks
[   +9 ms] Shutdown hooks complete
[ +198 ms] exiting with code 1
